<?xml version="1.0" encoding="UTF-8"?>
<testng-results skipped="0" failed="0" total="1" passed="1">
  <reporter-output>
  </reporter-output>
  <suite name="Automation Suite" duration-ms="11008" started-at="2017-03-27T16:57:48Z" finished-at="2017-03-27T16:57:59Z">
    <groups>
    </groups>
    <test name="Authentication" duration-ms="11008" started-at="2017-03-27T16:57:48Z" finished-at="2017-03-27T16:57:59Z">
      <class name="com.pavan.testcases.Test_Login">
        <test-method status="PASS" signature="setUp()[pri:0, instance:com.pavan.testcases.Test_Login@91161c7]" name="setUp" is-config="true" duration-ms="9024" started-at="2017-03-27T22:27:48Z" finished-at="2017-03-27T22:27:57Z">
          <reporter-output>
          </reporter-output>
        </test-method> <!-- setUp -->
        <test-method status="PASS" signature="test1()[pri:0, instance:com.pavan.testcases.Test_Login@91161c7]" name="test1" duration-ms="1859" started-at="2017-03-27T22:27:57Z" finished-at="2017-03-27T22:27:59Z">
          <reporter-output>
          </reporter-output>
        </test-method> <!-- test1 -->
        <test-method status="PASS" signature="tearDown()[pri:0, instance:com.pavan.testcases.Test_Login@91161c7]" name="tearDown" is-config="true" duration-ms="106" started-at="2017-03-27T22:27:59Z" finished-at="2017-03-27T22:27:59Z">
          <reporter-output>
          </reporter-output>
        </test-method> <!-- tearDown -->
      </class> <!-- com.pavan.testcases.Test_Login -->
    </test> <!-- Authentication -->
  </suite> <!-- Automation Suite -->
</testng-results>
